#
# There is insufficient memory for the Java Runtime Environment to continue.
# Native memory allocation (mmap) failed to map 264241152 bytes for G1 virtual space
# Possible reasons:
#   The system is out of physical RAM or swap space
#   The process is running with CompressedOops enabled, and the Java Heap may be blocking the growth of the native heap
# Possible solutions:
#   Reduce memory load on the system
#   Increase physical memory or swap space
#   Check if swap backing store is full
#   Decrease Java heap size (-Xmx/-Xms)
#   Decrease number of Java threads
#   Decrease Java thread stack sizes (-Xss)
#   Set larger code cache with -XX:ReservedCodeCacheSize=
#   JVM is running with Zero Based Compressed Oops mode in which the Java heap is
#     placed in the first 32GB address space. The Java Heap base address is the
#     maximum limit for the native heap growth. Please use -XX:HeapBaseMinAddress
#     to set the Java Heap base and to place the Java Heap above 32GB virtual address.
# This output file may be truncated or incomplete.
#
#  Out of Memory Error (os_windows.cpp:3771), pid=12848, tid=13380
#
# JRE version:  (17.0.7) (build )
# Java VM: OpenJDK 64-Bit Server VM (17.0.7+0-b2043.56-10550314, mixed mode, sharing, tiered, compressed oops, compressed class ptrs, g1 gc, windows-amd64)
# No core dump will be written. Minidumps are not enabled by default on client versions of Windows
#

---------------  S U M M A R Y ------------

Command Line: org.jetbrains.kotlin.cli.jvm.K2JVMCompiler @C:\Users\ASUS\Downloads\CRUD\CRUD\app\build\20240510_4285583880234916385.compiler.options

Host: 13th Gen Intel(R) Core(TM) i7-13700H, 20 cores, 15G,  Windows 11 , 64 bit Build 22621 (10.0.22621.3374)
Time: Fri May 10 20:56:02 2024 Sri Lanka Standard Time elapsed time: 0.006604 seconds (0d 0h 0m 0s)

---------------  T H R E A D  ---------------

Current thread (0x00000187728c3ba0):  JavaThread "Unknown thread" [_thread_in_vm, id=13380, stack(0x00000016aa500000,0x00000016aa600000)]

Stack: [0x00000016aa500000,0x00000016aa600000]
Native frames: (J=compiled Java code, j=interpreted, Vv=VM code, C=native code)
V  [jvm.dll+0x683bfa]
V  [jvm.dll+0x8430a4]
V  [jvm.dll+0x8449be]
V  [jvm.dll+0x845023]
V  [jvm.dll+0x24ad2f]
V  [jvm.dll+0x680ac9]
V  [jvm.dll+0x67519a]
V  [jvm.dll+0x30b3cb]
V  [jvm.dll+0x312876]
V  [jvm.dll+0x36221e]
V  [jvm.dll+0x36244f]
V  [jvm.dll+0x2e14a8]
V  [jvm.dll+0x2e2414]
V  [jvm.dll+0x814391]
V  [jvm.dll+0x36ffe1]
V  [jvm.dll+0x7f396c]
V  [jvm.dll+0x3f305f]
V  [jvm.dll+0x3f4b91]
C  [jli.dll+0x528f]
C  [ucrtbase.dll+0x29333]
C  [KERNEL32.DLL+0x1257d]
C  [ntdll.dll+0x5aa48]


---------------  P R O C E S S  ---------------

Threads class SMR info:
_java_thread_list=0x00007ffedb1ed098, length=0, elements={
}

Java Threads: ( => current thread )

Other Threads:
  0x0000018772931810 GCTaskThread "GC Thread#0" [stack: 0x00000016aa600000,0x00000016aa700000] [id=15508]
  0x0000018772942070 ConcurrentGCThread "G1 Main Marker" [stack: 0x00000016aa700000,0x00000016aa800000] [id=1484]
  0x00000187729449a0 ConcurrentGCThread "G1 Conc#0" [stack: 0x00000016aa800000,0x00000016aa900000] [id=7236]

[error occurred during error reporting (printing all threads), id 0xc0000005, EXCEPTION_ACCESS_VIOLATION (0xc0000005) at pc=0x00007ffeda9a2087]

VM state: not at safepoint (not fully initialized)

VM Mutex/Monitor currently owned by a thread:  ([mutex/lock_event])
[0x00000187728be6f0] Heap_lock - owner thread: 0x00000187728c3ba0

Heap address: 0x0000000705e00000, size: 4002 MB, Compressed Oops mode: Zero based, Oop shift amount: 3

CDS archive(s) mapped at: [0x0000000000000000-0x0000000000000000-0x0000000000000000), size 0, SharedBaseAddress: 0x0000000800000000, ArchiveRelocationMode: 0.
Narrow klass base: 0x0000000000000000, Narrow klass shift: 0, Narrow klass range: 0x0

GC Precious Log:
<Empty>

Heap:
 garbage-first heap   total 0K, used 0K [0x0000000705e00000, 0x0000000800000000)
  region size 2048K, 0 young (0K), 0 survivors (0K)
 Metaspace       used 0K, committed 0K, reserved 0K
  class space    used 0K, committed 0K, reserved 0K

Heap Regions: E=young(eden), S=young(survivor), O=old, HS=humongous(starts), HC=humongous(continues), CS=collection set, F=free, OA=open archive, CA=closed archive, TAMS=top-at-mark-start (previous, next)

Card table byte_map: [0x0000018777020000,0x0000018777800000] _byte_map_base: 0x00000187737f1000

Marking Bits (Prev, Next): (CMBitMap*) 0x0000018772931d30, (CMBitMap*) 0x0000018772931d70
 Prev Bits: [0x0000018777fe0000, 0x000001877be68000)
 Next Bits: [0x000001877be70000, 0x000001877fcf8000)

GC Heap History (0 events):
No events

Dll operation events (1 events):
Event: 0.004 Loaded shared library C:\Program Files\Android\Android Studio\jbr\bin\java.dll

Deoptimization events (0 events):
No events

Classes unloaded (0 events):
No events

Classes redefined (0 events):
No events

Internal exceptions (0 events):
No events

VM Operations (0 events):
No events

Events (0 events):
No events


Dynamic libraries:
0x00007ff77ad30000 - 0x00007ff77ad3a000 	C:\Program Files\Android\Android Studio\jbr\bin\java.exe
0x00007fff6a430000 - 0x00007fff6a646000 	C:\Windows\SYSTEM32\ntdll.dll
0x00007fff696f0000 - 0x00007fff697b4000 	C:\Windows\System32\KERNEL32.DLL
0x00007fff677f0000 - 0x00007fff67b97000 	C:\Windows\System32\KERNELBASE.dll
0x00007fff67bd0000 - 0x00007fff67ce1000 	C:\Windows\System32\ucrtbase.dll
0x00007fff380b0000 - 0x00007fff380c7000 	C:\Program Files\Android\Android Studio\jbr\bin\jli.dll
0x00007fff0b4c0000 - 0x00007fff0b4db000 	C:\Program Files\Android\Android Studio\jbr\bin\VCRUNTIME140.dll
0x00007fff68490000 - 0x00007fff6863e000 	C:\Windows\System32\USER32.dll
0x00007fff67ba0000 - 0x00007fff67bc6000 	C:\Windows\System32\win32u.dll
0x00007fff48d60000 - 0x00007fff48ff3000 	C:\Windows\WinSxS\amd64_microsoft.windows.common-controls_6595b64144ccf1df_6.0.22621.3235_none_270f74e173860f98\COMCTL32.dll
0x00007fff68160000 - 0x00007fff68189000 	C:\Windows\System32\GDI32.dll
0x00007fff69f00000 - 0x00007fff69fa7000 	C:\Windows\System32\msvcrt.dll
0x00007fff67e60000 - 0x00007fff67f79000 	C:\Windows\System32\gdi32full.dll
0x00007fff67750000 - 0x00007fff677ea000 	C:\Windows\System32\msvcp_win.dll
0x00007fff697c0000 - 0x00007fff697f1000 	C:\Windows\System32\IMM32.DLL
0x00007fff26660000 - 0x00007fff2666c000 	C:\Program Files\Android\Android Studio\jbr\bin\vcruntime140_1.dll
0x00007ffedd050000 - 0x00007ffedd0dd000 	C:\Program Files\Android\Android Studio\jbr\bin\msvcp140.dll
0x00007ffeda6b0000 - 0x00007ffedb330000 	C:\Program Files\Android\Android Studio\jbr\bin\server\jvm.dll
0x00007fff69fb0000 - 0x00007fff6a062000 	C:\Windows\System32\ADVAPI32.dll
0x00007fff6a070000 - 0x00007fff6a118000 	C:\Windows\System32\sechost.dll
0x00007fff68040000 - 0x00007fff68068000 	C:\Windows\System32\bcrypt.dll
0x00007fff68190000 - 0x00007fff682a5000 	C:\Windows\System32\RPCRT4.dll
0x00007fff45260000 - 0x00007fff45269000 	C:\Windows\SYSTEM32\WSOCK32.dll
0x00007fff52010000 - 0x00007fff5201a000 	C:\Windows\SYSTEM32\VERSION.dll
0x00007fff60040000 - 0x00007fff60074000 	C:\Windows\SYSTEM32\WINMM.dll
0x00007fff68e10000 - 0x00007fff68e81000 	C:\Windows\System32\WS2_32.dll
0x00007fff66750000 - 0x00007fff66768000 	C:\Windows\SYSTEM32\kernel.appcore.dll
0x00007fff61d00000 - 0x00007fff61d0a000 	C:\Program Files\Android\Android Studio\jbr\bin\jimage.dll
0x00007fff5bf70000 - 0x00007fff5c1a3000 	C:\Windows\SYSTEM32\DBGHELP.DLL
0x00007fff686c0000 - 0x00007fff68a48000 	C:\Windows\System32\combase.dll
0x00007fff683b0000 - 0x00007fff68487000 	C:\Windows\System32\OLEAUT32.dll
0x00007fff50220000 - 0x00007fff50252000 	C:\Windows\SYSTEM32\dbgcore.DLL
0x00007fff680e0000 - 0x00007fff68159000 	C:\Windows\System32\bcryptPrimitives.dll
0x00007fff3a8c0000 - 0x00007fff3a8e5000 	C:\Program Files\Android\Android Studio\jbr\bin\java.dll

dbghelp: loaded successfully - version: 4.0.5 - missing functions: none
symbol engine: initialized successfully - sym options: 0x614 - pdb path: .;C:\Program Files\Android\Android Studio\jbr\bin;C:\Windows\SYSTEM32;C:\Windows\WinSxS\amd64_microsoft.windows.common-controls_6595b64144ccf1df_6.0.22621.3235_none_270f74e173860f98;C:\Program Files\Android\Android Studio\jbr\bin\server

VM Arguments:
java_command: org.jetbrains.kotlin.cli.jvm.K2JVMCompiler @C:\Users\ASUS\Downloads\CRUD\CRUD\app\build\20240510_4285583880234916385.compiler.options
java_class_path (initial): C:\Users\ASUS\.gradle\caches\modules-2\files-2.1\org.jetbrains.kotlin\kotlin-compiler-embeddable\1.9.10\57ca1b0823ae3ecb451a97e1f8e6de0b19ea5294\kotlin-compiler-embeddable-1.9.10.jar;C:\Users\ASUS\.gradle\caches\modules-2\files-2.1\org.jetbrains.kotlin\kotlin-stdlib\1.9.10\72812e8a368917ab5c0a5081b56915ffdfec93b7\kotlin-stdlib-1.9.10.jar;C:\Users\ASUS\.gradle\caches\modules-2\files-2.1\org.jetbrains.kotlin\kotlin-script-runtime\1.9.10\398513a8534701579cccaf5953ea914416b4696c\kotlin-script-runtime-1.9.10.jar;C:\Users\ASUS\.gradle\caches\modules-2\files-2.1\org.jetbrains.kotlin\kotlin-reflect\1.6.10\1cbe9c92c12a94eea200d23c2bbaedaf3daf5132\kotlin-reflect-1.6.10.jar;C:\Users\ASUS\.gradle\caches\modules-2\files-2.1\org.jetbrains.kotlin\kotlin-daemon-embeddable\1.9.10\bda2f7daa6b89d2ded2d9e1e0b0cadaf9446ade1\kotlin-daemon-embeddable-1.9.10.jar;C:\Users\ASUS\.gradle\caches\modules-2\files-2.1\org.jetbrains.intellij.deps\trove4j\1.0.20200330\3afb14d5f9ceb459d724e907a21145e8ff394f02\trove4j-1.0.20200330.jar;C:\Users\ASUS\.gradle\caches\modules-2\files-2.1\org.jetbrains.kotlin\kotlin-stdlib-common\1.9.10\dafaf2c27f27c09220cee312df10917d9a5d97ce\kotlin-stdlib-common-1.9.10.jar;C:\Users\ASUS\.gradle\caches\modules-2\files-2.1\org.jetbrains\annotations\13.0\919f0dfe192fb4e063e7dacadee7f8bb9a2672a9\annotations-13.0.jar
Launcher Type: SUN_STANDARD

[Global flags]
     intx CICompilerCount                          = 12                                        {product} {ergonomic}
     uint ConcGCThreads                            = 4                                         {product} {ergonomic}
     uint G1ConcRefinementThreads                  = 15                                        {product} {ergonomic}
   size_t G1HeapRegionSize                         = 2097152                                   {product} {ergonomic}
    uintx GCDrainStackTargetSize                   = 64                                        {product} {ergonomic}
   size_t InitialHeapSize                          = 264241152                                 {product} {ergonomic}
   size_t MarkStackSize                            = 4194304                                   {product} {ergonomic}
   size_t MaxHeapSize                              = 4196401152                                {product} {ergonomic}
   size_t MinHeapDeltaBytes                        = 2097152                                   {product} {ergonomic}
   size_t MinHeapSize                              = 8388608                                   {product} {ergonomic}
    uintx NonNMethodCodeHeapSize                   = 7602480                                {pd product} {ergonomic}
    uintx NonProfiledCodeHeapSize                  = 122027880                              {pd product} {ergonomic}
    uintx ProfiledCodeHeapSize                     = 122027880                              {pd product} {ergonomic}
    uintx ReservedCodeCacheSize                    = 251658240                              {pd product} {ergonomic}
     bool SegmentedCodeCache                       = true                                      {product} {ergonomic}
   size_t SoftMaxHeapSize                          = 4196401152                             {manageable} {ergonomic}
     bool UseCompressedClassPointers               = true                           {product lp64_product} {ergonomic}
     bool UseCompressedOops                        = true                           {product lp64_product} {ergonomic}
     bool UseG1GC                                  = true                                      {product} {ergonomic}
     bool UseLargePagesIndividualAllocation        = false                                  {pd product} {ergonomic}

Logging:
Log output configuration:
 #0: stdout all=warning uptime,level,tags
 #1: stderr all=off uptime,level,tags

Environment Variables:
PATH=C:\Program Files\Common Files\Oracle\Java\javapath;C:\Windows\system32;C:\Windows;C:\Windows\System32\Wbem;C:\Windows\System32\WindowsPowerShell\v1.0\;C:\Windows\System32\OpenSSH\;C:\Program Files\Azure Data Studio\bin;C:\Program Files\Microsoft SQL Server\Client SDK\ODBC\170\Tools\Binn\;C:\Program Files (x86)\Microsoft SQL Server\150\Tools\Binn\;C:\Program Files\Microsoft SQL Server\150\Tools\Binn\;C:\Program Files\Microsoft SQL Server\150\DTS\Binn\;C:\Program Files (x86)\Microsoft SQL Server\160\DTS\Binn\;C:\Program Files\Git\cmd;C:\Program Files\nodejs\;C:\Program Files\Cloudflare\Cloudflare WARP\;C:\Program Files\MongoDB\Server\7.0\bin;C:\Users\ASUS\AppData\Local\Programs\Python\Launcher\;C:\Program Files\MySQL\MySQL Shell 8.0\bin\;C:\Users\ASUS\AppData\Local\Microsoft\WindowsApps;C:\Program Files\Azure Data Studio\bin;C:\Users\ASUS\AppData\Local\Programs\Microsoft VS Code\bin;C:\Users\ASUS\AppData\Roaming\npm;C:\Users\ASUS\AppData\Local\JetBrains\PyCharm Community Edition 2023.3.2\bin;;C:\Users\ASUS\AppData\Local\GitHubDesktop\bin
USERNAME=ASUS
OS=Windows_NT
PROCESSOR_IDENTIFIER=Intel64 Family 6 Model 186 Stepping 2, GenuineIntel
TMP=C:\Users\ASUS\AppData\Local\Temp
TEMP=C:\Users\ASUS\AppData\Local\Temp


JNI global refs:
JNI global refs: 0, weak refs: 0

JNI global refs memory usage: 0, weak refs: 0

OOME stack traces (most recent first):
Classloader memory used:


---------------  S Y S T E M  ---------------

OS:
 Windows 11 , 64 bit Build 22621 (10.0.22621.3374)
OS uptime: 0 days 6:01 hours
Hyper-V role detected

CPU: total 20 (initial active 20) (10 cores per cpu, 2 threads per core) family 6 model 186 stepping 2 microcode 0x410e, cx8, cmov, fxsr, ht, mmx, 3dnowpref, sse, sse2, sse3, ssse3, sse4.1, sse4.2, popcnt, lzcnt, tsc, tscinvbit, avx, avx2, aes, erms, clmul, bmi1, bmi2, adx, sha, fma, vzeroupper, clflush, clflushopt, clwb, hv

Memory: 4k page, system-wide physical 16003M (2622M free)
TotalPageFile size 16003M (AvailPageFile size 131M)
current process WorkingSet (physical memory assigned to process): 11M, peak: 11M
current process commit charge ("private bytes"): 75M, peak: 327M

vm_info: OpenJDK 64-Bit Server VM (17.0.7+0-b2043.56-10550314) for windows-amd64 JRE (17.0.7+0-b2043.56-10550314), built on Jul 24 2023 18:27:45 by "androidbuild" with MS VC++ 16.10 / 16.11 (VS2019)

END.
